{"/home/smona/nyx/frontend/src/App.css": {"path":"/home/smona/nyx/frontend/src/App.css","statementMap":{},"fnMap":{},"branchMap":{},"s":{},"f":{},"b":{},"meta":{"lastBranch":0,"lastFunction":0,"lastStatement":0,"seen":{}}}
,"/home/smona/nyx/frontend/src/App.tsx": {"path":"/home/smona/nyx/frontend/src/App.tsx","statementMap":{"0":{"start":{"line":12,"column":21},"end":{"line":12,"column":50}},"1":{"start":{"line":13,"column":22},"end":{"line":13,"column":55}},"2":{"start":{"line":14,"column":23},"end":{"line":14,"column":70}},"3":{"start":{"line":16,"column":44},"end":{"line":16,"column":71}},"4":{"start":{"line":17,"column":43},"end":{"line":17,"column":64}},"5":{"start":{"line":19,"column":33},"end":{"line":29,"column":null}},"6":{"start":{"line":20,"column":4},"end":{"line":29,"column":null}},"7":{"start":{"line":21,"column":6},"end":{"line":26,"column":null}},"8":{"start":{"line":22,"column":8},"end":{"line":22,"column":null}},"9":{"start":{"line":23,"column":8},"end":{"line":23,"column":null}},"10":{"start":{"line":25,"column":8},"end":{"line":25,"column":null}},"11":{"start":{"line":26,"column":8},"end":{"line":26,"column":null}},"12":{"start":{"line":29,"column":6},"end":{"line":29,"column":null}},"13":{"start":{"line":33,"column":28},"end":{"line":38,"column":null}},"14":{"start":{"line":34,"column":4},"end":{"line":34,"column":null}},"15":{"start":{"line":34,"column":72},"end":{"line":34,"column":null}},"16":{"start":{"line":35,"column":4},"end":{"line":38,"column":null}},"17":{"start":{"line":36,"column":6},"end":{"line":36,"column":null}},"18":{"start":{"line":38,"column":6},"end":{"line":38,"column":null}},"19":{"start":{"line":42,"column":2},"end":{"line":191,"column":null}},"20":{"start":{"line":61,"column":31},"end":{"line":61,"column":60}},"21":{"start":{"line":68,"column":14},"end":{"line":68,"column":null}},"22":{"start":{"line":69,"column":14},"end":{"line":69,"column":null}},"23":{"start":{"line":80,"column":28},"end":{"line":80,"column":null}},"24":{"start":{"line":89,"column":28},"end":{"line":89,"column":null}},"25":{"start":{"line":98,"column":12},"end":{"line":98,"column":null}},"26":{"start":{"line":99,"column":12},"end":{"line":99,"column":null}},"27":{"start":{"line":100,"column":12},"end":{"line":100,"column":null}}},"fnMap":{"0":{"name":"App","decl":{"start":{"line":11,"column":9},"end":{"line":11,"column":15}},"loc":{"start":{"line":11,"column":15},"end":{"line":191,"column":null}},"line":11},"1":{"name":"(anonymous_1)","decl":{"start":{"line":19,"column":33},"end":{"line":19,"column":40}},"loc":{"start":{"line":19,"column":72},"end":{"line":29,"column":null}},"line":19},"2":{"name":"(anonymous_2)","decl":{"start":{"line":33,"column":28},"end":{"line":33,"column":35}},"loc":{"start":{"line":33,"column":50},"end":{"line":38,"column":null}},"line":33},"3":{"name":"(anonymous_3)","decl":{"start":{"line":61,"column":14},"end":{"line":61,"column":25}},"loc":{"start":{"line":61,"column":31},"end":{"line":61,"column":60}},"line":61},"4":{"name":"(anonymous_4)","decl":{"start":{"line":67,"column":12},"end":{"line":67,"column":27}},"loc":{"start":{"line":67,"column":27},"end":{"line":69,"column":null}},"line":67},"5":{"name":"(anonymous_5)","decl":{"start":{"line":80,"column":12},"end":{"line":80,"column":28}},"loc":{"start":{"line":80,"column":28},"end":{"line":80,"column":null}},"line":80},"6":{"name":"(anonymous_6)","decl":{"start":{"line":89,"column":12},"end":{"line":89,"column":28}},"loc":{"start":{"line":89,"column":28},"end":{"line":89,"column":null}},"line":89},"7":{"name":"(anonymous_7)","decl":{"start":{"line":97,"column":10},"end":{"line":97,"column":19}},"loc":{"start":{"line":97,"column":29},"end":{"line":100,"column":null}},"line":97}},"branchMap":{"0":{"loc":{"start":{"line":17,"column":16},"end":{"line":17,"column":27}},"type":"default-arg","locations":[{"start":{"line":17,"column":25},"end":{"line":17,"column":27}}],"line":17},"1":{"loc":{"start":{"line":21,"column":6},"end":{"line":26,"column":null}},"type":"if","locations":[{"start":{"line":21,"column":6},"end":{"line":26,"column":null}},{"start":{"line":24,"column":13},"end":{"line":26,"column":null}}],"line":21},"2":{"loc":{"start":{"line":34,"column":4},"end":{"line":34,"column":null}},"type":"if","locations":[{"start":{"line":34,"column":4},"end":{"line":34,"column":null}},{"start":{},"end":{}}],"line":34},"3":{"loc":{"start":{"line":72,"column":13},"end":{"line":72,"column":null}},"type":"cond-expr","locations":[{"start":{"line":72,"column":27},"end":{"line":72,"column":38}},{"start":{"line":72,"column":38},"end":{"line":72,"column":null}}],"line":72},"4":{"loc":{"start":{"line":76,"column":9},"end":{"line":81,"column":null}},"type":"binary-expr","locations":[{"start":{"line":76,"column":9},"end":{"line":76,"column":null}},{"start":{"line":77,"column":10},"end":{"line":81,"column":null}}],"line":76},"5":{"loc":{"start":{"line":84,"column":9},"end":{"line":90,"column":null}},"type":"binary-expr","locations":[{"start":{"line":84,"column":9},"end":{"line":84,"column":null}},{"start":{"line":85,"column":10},"end":{"line":90,"column":null}}],"line":84}},"s":{"0":10,"1":10,"2":10,"3":10,"4":10,"5":10,"6":1,"7":1,"8":0,"9":0,"10":1,"11":1,"12":0,"13":10,"14":1,"15":0,"16":1,"17":1,"18":0,"19":10,"20":0,"21":1,"22":1,"23":0,"24":0,"25":1,"26":1,"27":1},"f":{"0":10,"1":1,"2":1,"3":0,"4":1,"5":0,"6":0,"7":1},"b":{"0":[10],"1":[0,1],"2":[0,1],"3":[1,9],"4":[10,1],"5":[10,1]},"meta":{"lastBranch":6,"lastFunction":8,"lastStatement":28,"seen":{"f:11:9:11:15":0,"s:12:21:12:50":0,"s:13:22:13:55":1,"s:14:23:14:70":2,"s:16:44:16:71":3,"s:17:43:17:64":4,"b:17:25:17:27":0,"s:19:33:29:Infinity":5,"f:19:33:19:40":1,"s:20:4:29:Infinity":6,"b:21:6:26:Infinity:24:13:26:Infinity":1,"s:21:6:26:Infinity":7,"s:22:8:22:Infinity":8,"s:23:8:23:Infinity":9,"s:25:8:25:Infinity":10,"s:26:8:26:Infinity":11,"s:29:6:29:Infinity":12,"s:33:28:38:Infinity":13,"f:33:28:33:35":2,"b:34:4:34:Infinity:undefined:undefined:undefined:undefined":2,"s:34:4:34:Infinity":14,"s:34:72:34:Infinity":15,"s:35:4:38:Infinity":16,"s:36:6:36:Infinity":17,"s:38:6:38:Infinity":18,"s:42:2:191:Infinity":19,"f:61:14:61:25":3,"s:61:31:61:60":20,"f:67:12:67:27":4,"s:68:14:68:Infinity":21,"s:69:14:69:Infinity":22,"b:72:27:72:38:72:38:72:Infinity":3,"b:76:9:76:Infinity:77:10:81:Infinity":4,"f:80:12:80:28":5,"s:80:28:80:Infinity":23,"b:84:9:84:Infinity:85:10:90:Infinity":5,"f:89:12:89:28":6,"s:89:28:89:Infinity":24,"f:97:10:97:19":7,"s:98:12:98:Infinity":25,"s:99:12:99:Infinity":26,"s:100:12:100:Infinity":27}}}
,"/home/smona/nyx/frontend/src/assets/hero.png": {"path":"/home/smona/nyx/frontend/src/assets/hero.png","statementMap":{},"fnMap":{},"branchMap":{},"s":{},"f":{},"b":{},"meta":{"lastBranch":0,"lastFunction":0,"lastStatement":0,"seen":{}}}
,"/home/smona/nyx/frontend/src/assets/react.svg": {"path":"/home/smona/nyx/frontend/src/assets/react.svg","statementMap":{},"fnMap":{},"branchMap":{},"s":{},"f":{},"b":{},"meta":{"lastBranch":0,"lastFunction":0,"lastStatement":0,"seen":{}}}
,"/home/smona/nyx/frontend/src/assets/vite.svg": {"path":"/home/smona/nyx/frontend/src/assets/vite.svg","statementMap":{},"fnMap":{},"branchMap":{},"s":{},"f":{},"b":{},"meta":{"lastBranch":0,"lastFunction":0,"lastStatement":0,"seen":{}}}
,"/home/smona/nyx/frontend/src/features/movies/components/MovieForm.tsx": {"path":"/home/smona/nyx/frontend/src/features/movies/components/MovieForm.tsx","statementMap":{"0":{"start":{"line":11,"column":13},"end":{"line":76,"column":null}},"1":{"start":{"line":12,"column":19},"end":{"line":16,"column":4}},"2":{"start":{"line":18,"column":2},"end":{"line":32,"column":null}},"3":{"start":{"line":19,"column":4},"end":{"line":30,"column":null}},"4":{"start":{"line":20,"column":6},"end":{"line":24,"column":null}},"5":{"start":{"line":26,"column":6},"end":{"line":30,"column":null}},"6":{"start":{"line":34,"column":8},"end":{"line":39,"column":null}},"7":{"start":{"line":35,"column":4},"end":{"line":35,"column":null}},"8":{"start":{"line":36,"column":4},"end":{"line":39,"column":null}},"9":{"start":{"line":37,"column":6},"end":{"line":37,"column":null}},"10":{"start":{"line":39,"column":6},"end":{"line":39,"column":null}},"11":{"start":{"line":43,"column":2},"end":{"line":76,"column":null}},"12":{"start":{"line":50,"column":25},"end":{"line":50,"column":76}},"13":{"start":{"line":56,"column":25},"end":{"line":56,"column":null}},"14":{"start":{"line":67,"column":27},"end":{"line":67,"column":null}}},"fnMap":{"0":{"name":"(anonymous_0)","decl":{"start":{"line":11,"column":13},"end":{"line":11,"column":52}},"loc":{"start":{"line":11,"column":93},"end":{"line":76,"column":null}},"line":11},"1":{"name":"(anonymous_1)","decl":{"start":{"line":18,"column":2},"end":{"line":18,"column":18}},"loc":{"start":{"line":18,"column":18},"end":{"line":32,"column":6}},"line":18},"2":{"name":"(anonymous_2)","decl":{"start":{"line":34,"column":8},"end":{"line":34,"column":24}},"loc":{"start":{"line":34,"column":47},"end":{"line":39,"column":null}},"line":34},"3":{"name":"(anonymous_3)","decl":{"start":{"line":50,"column":8},"end":{"line":50,"column":19}},"loc":{"start":{"line":50,"column":25},"end":{"line":50,"column":76}},"line":50},"4":{"name":"(anonymous_4)","decl":{"start":{"line":56,"column":8},"end":{"line":56,"column":19}},"loc":{"start":{"line":56,"column":25},"end":{"line":56,"column":null}},"line":56},"5":{"name":"(anonymous_5)","decl":{"start":{"line":67,"column":10},"end":{"line":67,"column":21}},"loc":{"start":{"line":67,"column":27},"end":{"line":67,"column":null}},"line":67}},"branchMap":{"0":{"loc":{"start":{"line":19,"column":4},"end":{"line":30,"column":null}},"type":"if","locations":[{"start":{"line":19,"column":4},"end":{"line":30,"column":null}},{"start":{"line":25,"column":11},"end":{"line":30,"column":null}}],"line":19},"1":{"loc":{"start":{"line":36,"column":4},"end":{"line":39,"column":null}},"type":"if","locations":[{"start":{"line":36,"column":4},"end":{"line":39,"column":null}},{"start":{"line":38,"column":11},"end":{"line":39,"column":null}}],"line":36},"2":{"loc":{"start":{"line":44,"column":39},"end":{"line":44,"column":67}},"type":"cond-expr","locations":[{"start":{"line":44,"column":47},"end":{"line":44,"column":61}},{"start":{"line":44,"column":61},"end":{"line":44,"column":67}}],"line":44},"3":{"loc":{"start":{"line":72,"column":11},"end":{"line":72,"column":null}},"type":"cond-expr","locations":[{"start":{"line":72,"column":19},"end":{"line":72,"column":36}},{"start":{"line":72,"column":36},"end":{"line":72,"column":null}}],"line":72}},"s":{"0":2,"1":63,"2":63,"3":7,"4":3,"5":4,"6":63,"7":3,"8":3,"9":1,"10":2,"11":63,"12":36,"13":13,"14":0},"f":{"0":63,"1":7,"2":3,"3":36,"4":13,"5":0},"b":{"0":[3,4],"1":[1,2],"2":[20,43],"3":[20,43]},"meta":{"lastBranch":4,"lastFunction":6,"lastStatement":15,"seen":{"s:11:13:76:Infinity":0,"f:11:13:11:52":0,"s:12:19:16:4":1,"s:18:2:32:Infinity":2,"f:18:2:18:18":1,"b:19:4:30:Infinity:25:11:30:Infinity":0,"s:19:4:30:Infinity":3,"s:20:6:24:Infinity":4,"s:26:6:30:Infinity":5,"s:34:8:39:Infinity":6,"f:34:8:34:24":2,"s:35:4:35:Infinity":7,"b:36:4:39:Infinity:38:11:39:Infinity":1,"s:36:4:39:Infinity":8,"s:37:6:37:Infinity":9,"s:39:6:39:Infinity":10,"s:43:2:76:Infinity":11,"b:44:47:44:61:44:61:44:67":2,"f:50:8:50:19":3,"s:50:25:50:76":12,"f:56:8:56:19":4,"s:56:25:56:Infinity":13,"f:67:10:67:21":5,"s:67:27:67:Infinity":14,"b:72:19:72:36:72:36:72:Infinity":3}}}
,"/home/smona/nyx/frontend/src/features/movies/components/MovieList.tsx": {"path":"/home/smona/nyx/frontend/src/features/movies/components/MovieList.tsx","statementMap":{"0":{"start":{"line":10,"column":13},"end":{"line":32,"column":null}},"1":{"start":{"line":11,"column":2},"end":{"line":32,"column":null}},"2":{"start":{"line":21,"column":25},"end":{"line":21,"column":38}},"3":{"start":{"line":28,"column":25},"end":{"line":28,"column":43}},"4":{"start":{"line":46,"column":13},"end":{"line":65,"column":null}},"5":{"start":{"line":47,"column":2},"end":{"line":48,"column":null}},"6":{"start":{"line":48,"column":4},"end":{"line":48,"column":null}},"7":{"start":{"line":51,"column":2},"end":{"line":52,"column":null}},"8":{"start":{"line":52,"column":4},"end":{"line":52,"column":null}},"9":{"start":{"line":55,"column":2},"end":{"line":65,"column":null}},"10":{"start":{"line":58,"column":8},"end":{"line":63,"column":null}}},"fnMap":{"0":{"name":"(anonymous_0)","decl":{"start":{"line":10,"column":13},"end":{"line":10,"column":52}},"loc":{"start":{"line":10,"column":84},"end":{"line":32,"column":null}},"line":10},"1":{"name":"(anonymous_1)","decl":{"start":{"line":21,"column":10},"end":{"line":21,"column":25}},"loc":{"start":{"line":21,"column":25},"end":{"line":21,"column":38}},"line":21},"2":{"name":"(anonymous_2)","decl":{"start":{"line":28,"column":10},"end":{"line":28,"column":25}},"loc":{"start":{"line":28,"column":25},"end":{"line":28,"column":43}},"line":28},"3":{"name":"(anonymous_3)","decl":{"start":{"line":46,"column":13},"end":{"line":46,"column":52}},"loc":{"start":{"line":46,"column":106},"end":{"line":65,"column":null}},"line":46},"4":{"name":"(anonymous_4)","decl":{"start":{"line":57,"column":14},"end":{"line":57,"column":19}},"loc":{"start":{"line":58,"column":8},"end":{"line":63,"column":null}},"line":58}},"branchMap":{"0":{"loc":{"start":{"line":47,"column":2},"end":{"line":48,"column":null}},"type":"if","locations":[{"start":{"line":47,"column":2},"end":{"line":48,"column":null}},{"start":{},"end":{}}],"line":47},"1":{"loc":{"start":{"line":51,"column":2},"end":{"line":52,"column":null}},"type":"if","locations":[{"start":{"line":51,"column":2},"end":{"line":52,"column":null}},{"start":{},"end":{}}],"line":51},"2":{"loc":{"start":{"line":52,"column":31},"end":{"line":52,"column":76}},"type":"binary-expr","locations":[{"start":{"line":52,"column":31},"end":{"line":52,"column":45}},{"start":{"line":52,"column":45},"end":{"line":52,"column":76}}],"line":52}},"s":{"0":2,"1":7,"2":1,"3":1,"4":2,"5":13,"6":3,"7":10,"8":5,"9":5,"10":7},"f":{"0":7,"1":1,"2":1,"3":13,"4":7},"b":{"0":[3,10],"1":[5,5],"2":[5,1]},"meta":{"lastBranch":3,"lastFunction":5,"lastStatement":11,"seen":{"s:10:13:32:Infinity":0,"f:10:13:10:52":0,"s:11:2:32:Infinity":1,"f:21:10:21:25":1,"s:21:25:21:38":2,"f:28:10:28:25":2,"s:28:25:28:43":3,"s:46:13:65:Infinity":4,"f:46:13:46:52":3,"b:47:2:48:Infinity:undefined:undefined:undefined:undefined":0,"s:47:2:48:Infinity":5,"s:48:4:48:Infinity":6,"b:51:2:52:Infinity:undefined:undefined:undefined:undefined":1,"s:51:2:52:Infinity":7,"s:52:4:52:Infinity":8,"b:52:31:52:45:52:45:52:76":2,"s:55:2:65:Infinity":9,"f:57:14:57:19":4,"s:58:8:63:Infinity":10}}}
,"/home/smona/nyx/frontend/src/features/movies/hooks/useMovies.ts": {"path":"/home/smona/nyx/frontend/src/features/movies/hooks/useMovies.ts","statementMap":{"0":{"start":{"line":5,"column":13},"end":{"line":35,"column":null}},"1":{"start":{"line":6,"column":8},"end":{"line":6,"column":38}},"2":{"start":{"line":8,"column":8},"end":{"line":12,"column":6}},"3":{"start":{"line":8,"column":21},"end":{"line":12,"column":6}},"4":{"start":{"line":11,"column":21},"end":{"line":11,"column":null}},"5":{"start":{"line":14,"column":8},"end":{"line":19,"column":4}},"6":{"start":{"line":15,"column":37},"end":{"line":15,"column":65}},"7":{"start":{"line":17,"column":6},"end":{"line":17,"column":null}},"8":{"start":{"line":21,"column":8},"end":{"line":26,"column":4}},"9":{"start":{"line":22,"column":34},"end":{"line":22,"column":75}},"10":{"start":{"line":24,"column":6},"end":{"line":24,"column":null}},"11":{"start":{"line":28,"column":8},"end":{"line":33,"column":4}},"12":{"start":{"line":29,"column":32},"end":{"line":29,"column":60}},"13":{"start":{"line":31,"column":6},"end":{"line":31,"column":null}},"14":{"start":{"line":35,"column":2},"end":{"line":35,"column":null}}},"fnMap":{"0":{"name":"(anonymous_0)","decl":{"start":{"line":5,"column":13},"end":{"line":5,"column":31}},"loc":{"start":{"line":5,"column":31},"end":{"line":35,"column":null}},"line":5},"1":{"name":"(anonymous_1)","decl":{"start":{"line":8,"column":8},"end":{"line":8,"column":21}},"loc":{"start":{"line":8,"column":21},"end":{"line":12,"column":6}},"line":8},"2":{"name":"(anonymous_2)","decl":{"start":{"line":11,"column":6},"end":{"line":11,"column":21}},"loc":{"start":{"line":11,"column":21},"end":{"line":11,"column":null}},"line":11},"3":{"name":"(anonymous_3)","decl":{"start":{"line":15,"column":4},"end":{"line":15,"column":17}},"loc":{"start":{"line":15,"column":37},"end":{"line":15,"column":65}},"line":15},"4":{"name":"(anonymous_4)","decl":{"start":{"line":16,"column":4},"end":{"line":16,"column":21}},"loc":{"start":{"line":16,"column":21},"end":{"line":17,"column":null}},"line":16},"5":{"name":"(anonymous_5)","decl":{"start":{"line":22,"column":4},"end":{"line":22,"column":17}},"loc":{"start":{"line":22,"column":34},"end":{"line":22,"column":75}},"line":22},"6":{"name":"(anonymous_6)","decl":{"start":{"line":23,"column":4},"end":{"line":23,"column":21}},"loc":{"start":{"line":23,"column":21},"end":{"line":24,"column":null}},"line":23},"7":{"name":"(anonymous_7)","decl":{"start":{"line":29,"column":4},"end":{"line":29,"column":17}},"loc":{"start":{"line":29,"column":32},"end":{"line":29,"column":60}},"line":29},"8":{"name":"(anonymous_8)","decl":{"start":{"line":30,"column":4},"end":{"line":30,"column":21}},"loc":{"start":{"line":30,"column":21},"end":{"line":31,"column":null}},"line":30}},"branchMap":{},"s":{"0":1,"1":0,"2":0,"3":0,"4":0,"5":0,"6":0,"7":0,"8":0,"9":0,"10":0,"11":0,"12":0,"13":0,"14":0},"f":{"0":0,"1":0,"2":0,"3":0,"4":0,"5":0,"6":0,"7":0,"8":0},"b":{},"meta":{"lastBranch":0,"lastFunction":9,"lastStatement":15,"seen":{"s:5:13:35:Infinity":0,"f:5:13:5:31":0,"s:6:8:6:38":1,"s:8:8:12:6":2,"f:8:8:8:21":1,"s:8:21:12:6":3,"f:11:6:11:21":2,"s:11:21:11:Infinity":4,"s:14:8:19:4":5,"f:15:4:15:17":3,"s:15:37:15:65":6,"f:16:4:16:21":4,"s:17:6:17:Infinity":7,"s:21:8:26:4":8,"f:22:4:22:17":5,"s:22:34:22:75":9,"f:23:4:23:21":6,"s:24:6:24:Infinity":10,"s:28:8:33:4":11,"f:29:4:29:17":7,"s:29:32:29:60":12,"f:30:4:30:21":8,"s:31:6:31:Infinity":13,"s:35:2:35:Infinity":14}}}
,"/home/smona/nyx/frontend/src/features/movies/services/movieService.ts": {"path":"/home/smona/nyx/frontend/src/features/movies/services/movieService.ts","statementMap":{"0":{"start":{"line":3,"column":21},"end":{"line":3,"column":null}},"1":{"start":{"line":5,"column":28},"end":{"line":48,"column":null}},"2":{"start":{"line":7,"column":16},"end":{"line":7,"column":null}},"3":{"start":{"line":8,"column":21},"end":{"line":8,"column":37}},"4":{"start":{"line":9,"column":4},"end":{"line":10,"column":null}},"5":{"start":{"line":10,"column":6},"end":{"line":10,"column":null}},"6":{"start":{"line":12,"column":17},"end":{"line":12,"column":38}},"7":{"start":{"line":13,"column":4},"end":{"line":13,"column":null}},"8":{"start":{"line":17,"column":21},"end":{"line":21,"column":6}},"9":{"start":{"line":22,"column":4},"end":{"line":23,"column":null}},"10":{"start":{"line":23,"column":6},"end":{"line":23,"column":null}},"11":{"start":{"line":25,"column":4},"end":{"line":25,"column":null}},"12":{"start":{"line":29,"column":21},"end":{"line":33,"column":6}},"13":{"start":{"line":34,"column":4},"end":{"line":35,"column":null}},"14":{"start":{"line":35,"column":6},"end":{"line":35,"column":null}},"15":{"start":{"line":37,"column":4},"end":{"line":37,"column":null}},"16":{"start":{"line":41,"column":21},"end":{"line":43,"column":6}},"17":{"start":{"line":44,"column":4},"end":{"line":45,"column":null}},"18":{"start":{"line":45,"column":6},"end":{"line":45,"column":null}}},"fnMap":{"0":{"name":"(anonymous_0)","decl":{"start":{"line":6,"column":8},"end":{"line":6,"column":18}},"loc":{"start":{"line":6,"column":61},"end":{"line":13,"column":null}},"line":6},"1":{"name":"(anonymous_1)","decl":{"start":{"line":16,"column":8},"end":{"line":16,"column":17}},"loc":{"start":{"line":16,"column":50},"end":{"line":25,"column":null}},"line":16},"2":{"name":"(anonymous_2)","decl":{"start":{"line":28,"column":8},"end":{"line":28,"column":20}},"loc":{"start":{"line":28,"column":71},"end":{"line":37,"column":null}},"line":28},"3":{"name":"(anonymous_3)","decl":{"start":{"line":40,"column":8},"end":{"line":40,"column":20}},"loc":{"start":{"line":40,"column":47},"end":{"line":45,"column":null}},"line":40}},"branchMap":{"0":{"loc":{"start":{"line":6,"column":18},"end":{"line":6,"column":61}},"type":"default-arg","locations":[{"start":{"line":6,"column":39},"end":{"line":6,"column":61}}],"line":6},"1":{"loc":{"start":{"line":7,"column":41},"end":{"line":7,"column":null}},"type":"cond-expr","locations":[{"start":{"line":7,"column":54},"end":{"line":7,"column":95}},{"start":{"line":7,"column":95},"end":{"line":7,"column":null}}],"line":7},"2":{"loc":{"start":{"line":9,"column":4},"end":{"line":10,"column":null}},"type":"if","locations":[{"start":{"line":9,"column":4},"end":{"line":10,"column":null}},{"start":{},"end":{}}],"line":9},"3":{"loc":{"start":{"line":13,"column":11},"end":{"line":13,"column":21}},"type":"binary-expr","locations":[{"start":{"line":13,"column":11},"end":{"line":13,"column":19}},{"start":{"line":13,"column":19},"end":{"line":13,"column":21}}],"line":13},"4":{"loc":{"start":{"line":22,"column":4},"end":{"line":23,"column":null}},"type":"if","locations":[{"start":{"line":22,"column":4},"end":{"line":23,"column":null}},{"start":{},"end":{}}],"line":22},"5":{"loc":{"start":{"line":34,"column":4},"end":{"line":35,"column":null}},"type":"if","locations":[{"start":{"line":34,"column":4},"end":{"line":35,"column":null}},{"start":{},"end":{}}],"line":34},"6":{"loc":{"start":{"line":44,"column":4},"end":{"line":45,"column":null}},"type":"if","locations":[{"start":{"line":44,"column":4},"end":{"line":45,"column":null}},{"start":{},"end":{}}],"line":44}},"s":{"0":1,"1":1,"2":0,"3":0,"4":0,"5":0,"6":0,"7":0,"8":0,"9":0,"10":0,"11":0,"12":0,"13":0,"14":0,"15":0,"16":0,"17":0,"18":0},"f":{"0":0,"1":0,"2":0,"3":0},"b":{"0":[0],"1":[0,0],"2":[0,0],"3":[0,0],"4":[0,0],"5":[0,0],"6":[0,0]},"meta":{"lastBranch":7,"lastFunction":4,"lastStatement":19,"seen":{"s:3:21:3:Infinity":0,"s:5:28:48:Infinity":1,"f:6:8:6:18":0,"b:6:39:6:61":0,"s:7:16:7:Infinity":2,"b:7:54:7:95:7:95:7:Infinity":1,"s:8:21:8:37":3,"b:9:4:10:Infinity:undefined:undefined:undefined:undefined":2,"s:9:4:10:Infinity":4,"s:10:6:10:Infinity":5,"s:12:17:12:38":6,"s:13:4:13:Infinity":7,"b:13:11:13:19:13:19:13:21":3,"f:16:8:16:17":1,"s:17:21:21:6":8,"b:22:4:23:Infinity:undefined:undefined:undefined:undefined":4,"s:22:4:23:Infinity":9,"s:23:6:23:Infinity":10,"s:25:4:25:Infinity":11,"f:28:8:28:20":2,"s:29:21:33:6":12,"b:34:4:35:Infinity:undefined:undefined:undefined:undefined":5,"s:34:4:35:Infinity":13,"s:35:6:35:Infinity":14,"s:37:4:37:Infinity":15,"f:40:8:40:20":3,"s:41:21:43:6":16,"b:44:4:45:Infinity:undefined:undefined:undefined:undefined":6,"s:44:4:45:Infinity":17,"s:45:6:45:Infinity":18}}}
}
